2012-10-03 11:53:09,739 [main] INFO  org.springframework.beans.factory.xml.XmlBeanDefinitionReader - Loading XML bean definitions from class path resource [test-context.xml]
2012-10-03 11:53:09,970 [main] INFO  org.springframework.beans.factory.xml.XmlBeanDefinitionReader - Loading XML bean definitions from class path resource [jaxb-config.xml]
2012-10-03 11:53:10,026 [main] INFO  org.springframework.context.support.GenericApplicationContext - Refreshing org.springframework.context.support.GenericApplicationContext@5421e554: startup date [Wed Oct 03 11:53:10 PDT 2012]; root of context hierarchy
2012-10-03 11:53:10,092 [main] INFO  org.springframework.beans.factory.support.DefaultListableBeanFactory - Pre-instantiating singletons in org.springframework.beans.factory.support.DefaultListableBeanFactory@604788d5: defining beans [jaxbMarshaller,httpClientFactory,restTemplate,org.springframework.context.annotation.internalConfigurationAnnotationProcessor,org.springframework.context.annotation.internalAutowiredAnnotationProcessor,org.springframework.context.annotation.internalRequiredAnnotationProcessor,org.springframework.context.annotation.internalCommonAnnotationProcessor,org.springframework.context.annotation.internalPersistenceAnnotationProcessor,org.springframework.context.annotation.ConfigurationClassPostProcessor$ImportAwareBeanPostProcessor#0]; root of factory hierarchy
2012-10-03 11:53:10,155 [main] INFO  com.dharrigan.AnnotationJaxb2Marshaller - Creating JAXBContext with classes to be bound [class com.jglitter.domain.Tweet,class com.jglitter.domain.Tweets,class com.jglitter.domain.User,class com.jglitter.domain.Users]
2012-10-03 11:53:10,691 [main] WARN  org.springframework.web.client.RestTemplate - DELETE request for "http://localhost:8080/jglitter/ws/user" resulted in 405 (Method Not Allowed); invoking error handler
2012-10-03 11:53:10,755 [main] WARN  org.springframework.web.client.RestTemplate - POST request for "http://localhost:8080/jglitter/ws/followers/1c6978a0-edd1-4060-a6df-cf9e3afe07aa/201bb773-9314-4e0f-a784-73789c3eb41f" resulted in 404 (Not Found); invoking error handler
2012-10-03 11:53:10,801 [main] WARN  org.springframework.web.client.RestTemplate - POST request for "http://localhost:8080/jglitter/ws/tweet" resulted in 404 (Not Found); invoking error handler
2012-10-03 11:53:10,898 [Thread-3] INFO  org.springframework.context.support.GenericApplicationContext - Closing org.springframework.context.support.GenericApplicationContext@5421e554: startup date [Wed Oct 03 11:53:10 PDT 2012]; root of context hierarchy
2012-10-03 11:53:10,898 [Thread-3] INFO  org.springframework.beans.factory.support.DefaultListableBeanFactory - Destroying singletons in org.springframework.beans.factory.support.DefaultListableBeanFactory@604788d5: defining beans [jaxbMarshaller,httpClientFactory,restTemplate,org.springframework.context.annotation.internalConfigurationAnnotationProcessor,org.springframework.context.annotation.internalAutowiredAnnotationProcessor,org.springframework.context.annotation.internalRequiredAnnotationProcessor,org.springframework.context.annotation.internalCommonAnnotationProcessor,org.springframework.context.annotation.internalPersistenceAnnotationProcessor,org.springframework.context.annotation.ConfigurationClassPostProcessor$ImportAwareBeanPostProcessor#0]; root of factory hierarchy
2012-10-03 11:55:16,206 [main] INFO  org.springframework.beans.factory.xml.XmlBeanDefinitionReader - Loading XML bean definitions from class path resource [test-context.xml]
2012-10-03 11:55:16,441 [main] INFO  org.springframework.beans.factory.xml.XmlBeanDefinitionReader - Loading XML bean definitions from class path resource [jaxb-config.xml]
2012-10-03 11:55:16,488 [main] INFO  org.springframework.context.support.GenericApplicationContext - Refreshing org.springframework.context.support.GenericApplicationContext@466355dc: startup date [Wed Oct 03 11:55:16 PDT 2012]; root of context hierarchy
2012-10-03 11:55:16,552 [main] INFO  org.springframework.beans.factory.support.DefaultListableBeanFactory - Pre-instantiating singletons in org.springframework.beans.factory.support.DefaultListableBeanFactory@1710278e: defining beans [jaxbMarshaller,httpClientFactory,restTemplate,org.springframework.context.annotation.internalConfigurationAnnotationProcessor,org.springframework.context.annotation.internalAutowiredAnnotationProcessor,org.springframework.context.annotation.internalRequiredAnnotationProcessor,org.springframework.context.annotation.internalCommonAnnotationProcessor,org.springframework.context.annotation.internalPersistenceAnnotationProcessor,org.springframework.context.annotation.ConfigurationClassPostProcessor$ImportAwareBeanPostProcessor#0]; root of factory hierarchy
2012-10-03 11:55:16,612 [main] INFO  com.dharrigan.AnnotationJaxb2Marshaller - Creating JAXBContext with classes to be bound [class com.jglitter.domain.Tweet,class com.jglitter.domain.Tweets,class com.jglitter.domain.User,class com.jglitter.domain.Users]
2012-10-03 11:55:16,870 [main] WARN  org.springframework.web.client.RestTemplate - POST request for "http://localhost:8080/jglitter/ws/user" resulted in 500 (Internal Server Error); invoking error handler
2012-10-03 11:55:16,894 [main] WARN  org.springframework.web.client.RestTemplate - POST request for "http://localhost:8080/jglitter/ws/user" resulted in 500 (Internal Server Error); invoking error handler
2012-10-03 11:55:16,912 [main] WARN  org.springframework.web.client.RestTemplate - POST request for "http://localhost:8080/jglitter/ws/tweet" resulted in 404 (Not Found); invoking error handler
2012-10-03 11:55:16,929 [main] WARN  org.springframework.web.client.RestTemplate - POST request for "http://localhost:8080/jglitter/ws/user" resulted in 500 (Internal Server Error); invoking error handler
2012-10-03 11:55:16,937 [Thread-3] INFO  org.springframework.context.support.GenericApplicationContext - Closing org.springframework.context.support.GenericApplicationContext@466355dc: startup date [Wed Oct 03 11:55:16 PDT 2012]; root of context hierarchy
2012-10-03 11:55:16,937 [Thread-3] INFO  org.springframework.beans.factory.support.DefaultListableBeanFactory - Destroying singletons in org.springframework.beans.factory.support.DefaultListableBeanFactory@1710278e: defining beans [jaxbMarshaller,httpClientFactory,restTemplate,org.springframework.context.annotation.internalConfigurationAnnotationProcessor,org.springframework.context.annotation.internalAutowiredAnnotationProcessor,org.springframework.context.annotation.internalRequiredAnnotationProcessor,org.springframework.context.annotation.internalCommonAnnotationProcessor,org.springframework.context.annotation.internalPersistenceAnnotationProcessor,org.springframework.context.annotation.ConfigurationClassPostProcessor$ImportAwareBeanPostProcessor#0]; root of factory hierarchy
2012-10-03 11:55:58,719 [main] INFO  org.springframework.beans.factory.xml.XmlBeanDefinitionReader - Loading XML bean definitions from class path resource [test-context.xml]
2012-10-03 11:55:58,949 [main] INFO  org.springframework.beans.factory.xml.XmlBeanDefinitionReader - Loading XML bean definitions from class path resource [jaxb-config.xml]
2012-10-03 11:55:58,997 [main] INFO  org.springframework.context.support.GenericApplicationContext - Refreshing org.springframework.context.support.GenericApplicationContext@3749eb9f: startup date [Wed Oct 03 11:55:58 PDT 2012]; root of context hierarchy
2012-10-03 11:55:59,059 [main] INFO  org.springframework.beans.factory.support.DefaultListableBeanFactory - Pre-instantiating singletons in org.springframework.beans.factory.support.DefaultListableBeanFactory@261a6518: defining beans [jaxbMarshaller,httpClientFactory,restTemplate,org.springframework.context.annotation.internalConfigurationAnnotationProcessor,org.springframework.context.annotation.internalAutowiredAnnotationProcessor,org.springframework.context.annotation.internalRequiredAnnotationProcessor,org.springframework.context.annotation.internalCommonAnnotationProcessor,org.springframework.context.annotation.internalPersistenceAnnotationProcessor,org.springframework.context.annotation.ConfigurationClassPostProcessor$ImportAwareBeanPostProcessor#0]; root of factory hierarchy
2012-10-03 11:55:59,121 [main] INFO  com.dharrigan.AnnotationJaxb2Marshaller - Creating JAXBContext with classes to be bound [class com.jglitter.domain.Tweet,class com.jglitter.domain.Tweets,class com.jglitter.domain.User,class com.jglitter.domain.Users]
2012-10-03 11:55:59,856 [main] WARN  org.springframework.web.client.RestTemplate - DELETE request for "http://localhost:8080/jglitter/ws/user" resulted in 405 (Method Not Allowed); invoking error handler
2012-10-03 11:55:59,973 [main] WARN  org.springframework.web.client.RestTemplate - POST request for "http://localhost:8080/jglitter/ws/tweet" resulted in 404 (Not Found); invoking error handler
2012-10-03 11:56:00,058 [Thread-3] INFO  org.springframework.context.support.GenericApplicationContext - Closing org.springframework.context.support.GenericApplicationContext@3749eb9f: startup date [Wed Oct 03 11:55:58 PDT 2012]; root of context hierarchy
2012-10-03 11:56:00,060 [Thread-3] INFO  org.springframework.beans.factory.support.DefaultListableBeanFactory - Destroying singletons in org.springframework.beans.factory.support.DefaultListableBeanFactory@261a6518: defining beans [jaxbMarshaller,httpClientFactory,restTemplate,org.springframework.context.annotation.internalConfigurationAnnotationProcessor,org.springframework.context.annotation.internalAutowiredAnnotationProcessor,org.springframework.context.annotation.internalRequiredAnnotationProcessor,org.springframework.context.annotation.internalCommonAnnotationProcessor,org.springframework.context.annotation.internalPersistenceAnnotationProcessor,org.springframework.context.annotation.ConfigurationClassPostProcessor$ImportAwareBeanPostProcessor#0]; root of factory hierarchy
2012-10-03 11:57:07,627 [main] INFO  org.springframework.beans.factory.xml.XmlBeanDefinitionReader - Loading XML bean definitions from class path resource [test-context.xml]
2012-10-03 11:57:07,864 [main] INFO  org.springframework.beans.factory.xml.XmlBeanDefinitionReader - Loading XML bean definitions from class path resource [jaxb-config.xml]
2012-10-03 11:57:07,915 [main] INFO  org.springframework.context.support.GenericApplicationContext - Refreshing org.springframework.context.support.GenericApplicationContext@3a289d2e: startup date [Wed Oct 03 11:57:07 PDT 2012]; root of context hierarchy
2012-10-03 11:57:07,979 [main] INFO  org.springframework.beans.factory.support.DefaultListableBeanFactory - Pre-instantiating singletons in org.springframework.beans.factory.support.DefaultListableBeanFactory@56cb07ef: defining beans [jaxbMarshaller,httpClientFactory,restTemplate,org.springframework.context.annotation.internalConfigurationAnnotationProcessor,org.springframework.context.annotation.internalAutowiredAnnotationProcessor,org.springframework.context.annotation.internalRequiredAnnotationProcessor,org.springframework.context.annotation.internalCommonAnnotationProcessor,org.springframework.context.annotation.internalPersistenceAnnotationProcessor,org.springframework.context.annotation.ConfigurationClassPostProcessor$ImportAwareBeanPostProcessor#0]; root of factory hierarchy
2012-10-03 11:57:08,040 [main] INFO  com.dharrigan.AnnotationJaxb2Marshaller - Creating JAXBContext with classes to be bound [class com.jglitter.domain.Tweet,class com.jglitter.domain.Tweets,class com.jglitter.domain.User,class com.jglitter.domain.Users]
2012-10-03 11:57:08,284 [main] WARN  org.springframework.web.client.RestTemplate - POST request for "http://localhost:8080/jglitter/ws/user" resulted in 500 (Internal Server Error); invoking error handler
2012-10-03 11:57:08,307 [main] WARN  org.springframework.web.client.RestTemplate - POST request for "http://localhost:8080/jglitter/ws/user" resulted in 500 (Internal Server Error); invoking error handler
2012-10-03 11:57:08,324 [main] WARN  org.springframework.web.client.RestTemplate - POST request for "http://localhost:8080/jglitter/ws/tweet" resulted in 404 (Not Found); invoking error handler
2012-10-03 11:57:08,345 [main] WARN  org.springframework.web.client.RestTemplate - POST request for "http://localhost:8080/jglitter/ws/user" resulted in 500 (Internal Server Error); invoking error handler
2012-10-03 11:57:08,353 [Thread-3] INFO  org.springframework.context.support.GenericApplicationContext - Closing org.springframework.context.support.GenericApplicationContext@3a289d2e: startup date [Wed Oct 03 11:57:07 PDT 2012]; root of context hierarchy
2012-10-03 11:57:08,353 [Thread-3] INFO  org.springframework.beans.factory.support.DefaultListableBeanFactory - Destroying singletons in org.springframework.beans.factory.support.DefaultListableBeanFactory@56cb07ef: defining beans [jaxbMarshaller,httpClientFactory,restTemplate,org.springframework.context.annotation.internalConfigurationAnnotationProcessor,org.springframework.context.annotation.internalAutowiredAnnotationProcessor,org.springframework.context.annotation.internalRequiredAnnotationProcessor,org.springframework.context.annotation.internalCommonAnnotationProcessor,org.springframework.context.annotation.internalPersistenceAnnotationProcessor,org.springframework.context.annotation.ConfigurationClassPostProcessor$ImportAwareBeanPostProcessor#0]; root of factory hierarchy
2012-10-03 11:58:19,199 [main] INFO  org.springframework.beans.factory.xml.XmlBeanDefinitionReader - Loading XML bean definitions from class path resource [test-context.xml]
2012-10-03 11:58:19,432 [main] INFO  org.springframework.beans.factory.xml.XmlBeanDefinitionReader - Loading XML bean definitions from class path resource [jaxb-config.xml]
2012-10-03 11:58:19,480 [main] INFO  org.springframework.context.support.GenericApplicationContext - Refreshing org.springframework.context.support.GenericApplicationContext@456dfa45: startup date [Wed Oct 03 11:58:19 PDT 2012]; root of context hierarchy
2012-10-03 11:58:19,544 [main] INFO  org.springframework.beans.factory.support.DefaultListableBeanFactory - Pre-instantiating singletons in org.springframework.beans.factory.support.DefaultListableBeanFactory@79ca209e: defining beans [jaxbMarshaller,httpClientFactory,restTemplate,org.springframework.context.annotation.internalConfigurationAnnotationProcessor,org.springframework.context.annotation.internalAutowiredAnnotationProcessor,org.springframework.context.annotation.internalRequiredAnnotationProcessor,org.springframework.context.annotation.internalCommonAnnotationProcessor,org.springframework.context.annotation.internalPersistenceAnnotationProcessor,org.springframework.context.annotation.ConfigurationClassPostProcessor$ImportAwareBeanPostProcessor#0]; root of factory hierarchy
2012-10-03 11:58:19,605 [main] INFO  com.dharrigan.AnnotationJaxb2Marshaller - Creating JAXBContext with classes to be bound [class com.jglitter.domain.Tweet,class com.jglitter.domain.Tweets,class com.jglitter.domain.User,class com.jglitter.domain.Users]
2012-10-03 11:58:20,154 [main] WARN  org.springframework.web.client.RestTemplate - DELETE request for "http://localhost:8080/jglitter/ws/user/john@doe.com" resulted in 500 (Internal Server Error); invoking error handler
2012-10-03 11:58:20,255 [main] WARN  org.springframework.web.client.RestTemplate - POST request for "http://localhost:8080/jglitter/ws/tweet" resulted in 404 (Not Found); invoking error handler
2012-10-03 11:58:20,344 [Thread-3] INFO  org.springframework.context.support.GenericApplicationContext - Closing org.springframework.context.support.GenericApplicationContext@456dfa45: startup date [Wed Oct 03 11:58:19 PDT 2012]; root of context hierarchy
2012-10-03 11:58:20,344 [Thread-3] INFO  org.springframework.beans.factory.support.DefaultListableBeanFactory - Destroying singletons in org.springframework.beans.factory.support.DefaultListableBeanFactory@79ca209e: defining beans [jaxbMarshaller,httpClientFactory,restTemplate,org.springframework.context.annotation.internalConfigurationAnnotationProcessor,org.springframework.context.annotation.internalAutowiredAnnotationProcessor,org.springframework.context.annotation.internalRequiredAnnotationProcessor,org.springframework.context.annotation.internalCommonAnnotationProcessor,org.springframework.context.annotation.internalPersistenceAnnotationProcessor,org.springframework.context.annotation.ConfigurationClassPostProcessor$ImportAwareBeanPostProcessor#0]; root of factory hierarchy
2012-10-03 11:59:39,444 [main] INFO  org.springframework.beans.factory.xml.XmlBeanDefinitionReader - Loading XML bean definitions from class path resource [test-context.xml]
2012-10-03 11:59:39,671 [main] INFO  org.springframework.beans.factory.xml.XmlBeanDefinitionReader - Loading XML bean definitions from class path resource [jaxb-config.xml]
2012-10-03 11:59:39,719 [main] INFO  org.springframework.context.support.GenericApplicationContext - Refreshing org.springframework.context.support.GenericApplicationContext@7d5718f2: startup date [Wed Oct 03 11:59:39 PDT 2012]; root of context hierarchy
2012-10-03 11:59:39,782 [main] INFO  org.springframework.beans.factory.support.DefaultListableBeanFactory - Pre-instantiating singletons in org.springframework.beans.factory.support.DefaultListableBeanFactory@125d855f: defining beans [jaxbMarshaller,httpClientFactory,restTemplate,org.springframework.context.annotation.internalConfigurationAnnotationProcessor,org.springframework.context.annotation.internalAutowiredAnnotationProcessor,org.springframework.context.annotation.internalRequiredAnnotationProcessor,org.springframework.context.annotation.internalCommonAnnotationProcessor,org.springframework.context.annotation.internalPersistenceAnnotationProcessor,org.springframework.context.annotation.ConfigurationClassPostProcessor$ImportAwareBeanPostProcessor#0]; root of factory hierarchy
2012-10-03 11:59:39,841 [main] INFO  com.dharrigan.AnnotationJaxb2Marshaller - Creating JAXBContext with classes to be bound [class com.jglitter.domain.Tweet,class com.jglitter.domain.Tweets,class com.jglitter.domain.User,class com.jglitter.domain.Users]
2012-10-03 11:59:40,382 [main] WARN  org.springframework.web.client.RestTemplate - DELETE request for "http://localhost:8080/jglitter/ws/user/9ef85c04-1b3f-43b6-b265-23cce2824e8f" resulted in 500 (Internal Server Error); invoking error handler
2012-10-03 11:59:40,485 [main] WARN  org.springframework.web.client.RestTemplate - POST request for "http://localhost:8080/jglitter/ws/tweet" resulted in 404 (Not Found); invoking error handler
2012-10-03 11:59:40,582 [Thread-3] INFO  org.springframework.context.support.GenericApplicationContext - Closing org.springframework.context.support.GenericApplicationContext@7d5718f2: startup date [Wed Oct 03 11:59:39 PDT 2012]; root of context hierarchy
2012-10-03 11:59:40,582 [Thread-3] INFO  org.springframework.beans.factory.support.DefaultListableBeanFactory - Destroying singletons in org.springframework.beans.factory.support.DefaultListableBeanFactory@125d855f: defining beans [jaxbMarshaller,httpClientFactory,restTemplate,org.springframework.context.annotation.internalConfigurationAnnotationProcessor,org.springframework.context.annotation.internalAutowiredAnnotationProcessor,org.springframework.context.annotation.internalRequiredAnnotationProcessor,org.springframework.context.annotation.internalCommonAnnotationProcessor,org.springframework.context.annotation.internalPersistenceAnnotationProcessor,org.springframework.context.annotation.ConfigurationClassPostProcessor$ImportAwareBeanPostProcessor#0]; root of factory hierarchy
2012-10-03 12:06:07,204 [main] INFO  org.springframework.beans.factory.xml.XmlBeanDefinitionReader - Loading XML bean definitions from class path resource [application-config.xml]
2012-10-03 12:06:07,565 [main] INFO  org.springframework.context.support.GenericApplicationContext - Refreshing org.springframework.context.support.GenericApplicationContext@5b7b0998: startup date [Wed Oct 03 12:06:07 PDT 2012]; root of context hierarchy
2012-10-03 12:06:07,664 [main] INFO  org.springframework.beans.factory.config.PropertyPlaceholderConfigurer - Loading properties file from class path resource [application.properties]
2012-10-03 12:06:07,666 [main] INFO  org.springframework.beans.factory.config.PropertyPlaceholderConfigurer - Loading properties file from URL [file:/tmp/local.properties]
2012-10-03 12:06:07,666 [main] WARN  org.springframework.beans.factory.config.PropertyPlaceholderConfigurer - Could not load properties from URL [file:/tmp/local.properties]: /tmp/local.properties (No such file or directory)
2012-10-03 12:06:07,749 [main] INFO  org.springframework.jdbc.datasource.DriverManagerDataSource - Loaded JDBC driver: org.h2.Driver
2012-10-03 12:06:07,749 [main] INFO  org.springframework.context.support.GenericApplicationContext - Bean 'dataSource' of type [class org.springframework.jdbc.datasource.DriverManagerDataSource] is not eligible for getting processed by all BeanPostProcessors (for example: not eligible for auto-proxying)
2012-10-03 12:06:07,767 [main] INFO  org.springframework.context.support.GenericApplicationContext - Bean 'adapter' of type [class org.springframework.orm.jpa.vendor.HibernateJpaVendorAdapter] is not eligible for getting processed by all BeanPostProcessors (for example: not eligible for auto-proxying)
2012-10-03 12:06:07,780 [main] INFO  org.springframework.orm.jpa.LocalContainerEntityManagerFactoryBean - Building JPA container EntityManagerFactory for persistence unit 'jpa'
2012-10-03 12:06:07,808 [main] INFO  org.hibernate.cfg.annotations.Version - Hibernate Annotations 3.5.6-Final
2012-10-03 12:06:07,816 [main] INFO  org.hibernate.cfg.Environment - Hibernate 3.5.6-Final
2012-10-03 12:06:07,818 [main] INFO  org.hibernate.cfg.Environment - hibernate.properties not found
2012-10-03 12:06:07,820 [main] INFO  org.hibernate.cfg.Environment - Bytecode provider name : javassist
2012-10-03 12:06:07,823 [main] INFO  org.hibernate.cfg.Environment - using JDK 1.4 java.sql.Timestamp handling
2012-10-03 12:06:07,883 [main] INFO  org.hibernate.annotations.common.Version - Hibernate Commons Annotations 3.2.0.Final
2012-10-03 12:06:07,888 [main] INFO  org.hibernate.ejb.Version - Hibernate EntityManager 3.5.6-Final
2012-10-03 12:06:07,900 [main] INFO  org.hibernate.ejb.Ejb3Configuration - Processing PersistenceUnitInfo [
	name: jpa
	...]
2012-10-03 12:06:07,996 [main] INFO  org.hibernate.cfg.AnnotationBinder - Binding entity from annotated class: com.jglitter.persistence.domain.DbUser
2012-10-03 12:06:08,017 [main] INFO  org.hibernate.cfg.annotations.EntityBinder - Bind entity com.jglitter.persistence.domain.DbUser on table DbUser
2012-10-03 12:06:08,048 [main] INFO  org.hibernate.cfg.AnnotationBinder - Binding entity from annotated class: com.jglitter.persistence.domain.DbTweet
2012-10-03 12:06:08,049 [main] INFO  org.hibernate.cfg.annotations.EntityBinder - Bind entity com.jglitter.persistence.domain.DbTweet on table DbTweet
2012-10-03 12:06:08,091 [main] INFO  org.hibernate.cfg.AnnotationConfiguration - Hibernate Validator not found: ignoring
2012-10-03 12:06:08,106 [main] INFO  org.hibernate.cfg.search.HibernateSearchEventListenerRegister - Unable to find org.hibernate.search.event.FullTextIndexEventListener on the classpath. Hibernate Search is not enabled.
2012-10-03 12:06:08,110 [main] INFO  org.hibernate.connection.ConnectionProviderFactory - Initializing connection provider: org.hibernate.ejb.connection.InjectedDataSourceConnectionProvider
2012-10-03 12:06:08,112 [main] INFO  org.hibernate.ejb.connection.InjectedDataSourceConnectionProvider - Using provided datasource
2012-10-03 12:06:08,267 [main] INFO  org.hibernate.cfg.SettingsFactory - RDBMS: H2, version: 1.3.165 (2012-03-18)
2012-10-03 12:06:08,267 [main] INFO  org.hibernate.cfg.SettingsFactory - JDBC driver: H2 JDBC Driver, version: 1.3.165 (2012-03-18)
2012-10-03 12:06:08,283 [main] INFO  org.hibernate.dialect.Dialect - Using dialect: org.hibernate.dialect.H2Dialect
2012-10-03 12:06:08,286 [main] INFO  org.hibernate.engine.jdbc.JdbcSupportLoader - Disabling contextual LOB creation as JDBC driver reported JDBC version [3] less than 4
2012-10-03 12:06:08,287 [main] INFO  org.hibernate.transaction.TransactionFactoryFactory - Transaction strategy: org.hibernate.transaction.JDBCTransactionFactory
2012-10-03 12:06:08,288 [main] INFO  org.hibernate.transaction.TransactionManagerLookupFactory - No TransactionManagerLookup configured (in JTA environment, use of read-write or transactional second-level cache is not recommended)
2012-10-03 12:06:08,288 [main] INFO  org.hibernate.cfg.SettingsFactory - Automatic flush during beforeCompletion(): disabled
2012-10-03 12:06:08,288 [main] INFO  org.hibernate.cfg.SettingsFactory - Automatic session close at end of transaction: disabled
2012-10-03 12:06:08,288 [main] INFO  org.hibernate.cfg.SettingsFactory - JDBC batch size: 15
2012-10-03 12:06:08,288 [main] INFO  org.hibernate.cfg.SettingsFactory - JDBC batch updates for versioned data: disabled
2012-10-03 12:06:08,288 [main] INFO  org.hibernate.cfg.SettingsFactory - Scrollable result sets: enabled
2012-10-03 12:06:08,288 [main] INFO  org.hibernate.cfg.SettingsFactory - JDBC3 getGeneratedKeys(): enabled
2012-10-03 12:06:08,289 [main] INFO  org.hibernate.cfg.SettingsFactory - Connection release mode: auto
2012-10-03 12:06:08,289 [main] INFO  org.hibernate.cfg.SettingsFactory - Default batch fetch size: 1
2012-10-03 12:06:08,289 [main] INFO  org.hibernate.cfg.SettingsFactory - Generate SQL with comments: disabled
2012-10-03 12:06:08,289 [main] INFO  org.hibernate.cfg.SettingsFactory - Order SQL updates by primary key: disabled
2012-10-03 12:06:08,289 [main] INFO  org.hibernate.cfg.SettingsFactory - Order SQL inserts for batching: disabled
2012-10-03 12:06:08,289 [main] INFO  org.hibernate.cfg.SettingsFactory - Query translator: org.hibernate.hql.ast.ASTQueryTranslatorFactory
2012-10-03 12:06:08,290 [main] INFO  org.hibernate.hql.ast.ASTQueryTranslatorFactory - Using ASTQueryTranslatorFactory
2012-10-03 12:06:08,290 [main] INFO  org.hibernate.cfg.SettingsFactory - Query language substitutions: {}
2012-10-03 12:06:08,290 [main] INFO  org.hibernate.cfg.SettingsFactory - JPA-QL strict compliance: enabled
2012-10-03 12:06:08,290 [main] INFO  org.hibernate.cfg.SettingsFactory - Second-level cache: enabled
2012-10-03 12:06:08,291 [main] INFO  org.hibernate.cfg.SettingsFactory - Query cache: disabled
2012-10-03 12:06:08,291 [main] INFO  org.hibernate.cfg.SettingsFactory - Cache region factory : org.hibernate.cache.impl.NoCachingRegionFactory
2012-10-03 12:06:08,291 [main] INFO  org.hibernate.cfg.SettingsFactory - Optimize cache for minimal puts: disabled
2012-10-03 12:06:08,291 [main] INFO  org.hibernate.cfg.SettingsFactory - Structured second-level cache entries: disabled
2012-10-03 12:06:08,294 [main] INFO  org.hibernate.cfg.SettingsFactory - Echoing all SQL to stdout
2012-10-03 12:06:08,294 [main] INFO  org.hibernate.cfg.SettingsFactory - Statistics: disabled
2012-10-03 12:06:08,294 [main] INFO  org.hibernate.cfg.SettingsFactory - Deleted entity synthetic identifier rollback: disabled
2012-10-03 12:06:08,294 [main] INFO  org.hibernate.cfg.SettingsFactory - Default entity-mode: pojo
2012-10-03 12:06:08,294 [main] INFO  org.hibernate.cfg.SettingsFactory - Named query checking : enabled
2012-10-03 12:06:08,294 [main] INFO  org.hibernate.cfg.SettingsFactory - Check Nullability in Core (should be disabled when Bean Validation is on): enabled
2012-10-03 12:06:08,314 [main] INFO  org.hibernate.impl.SessionFactoryImpl - building session factory
2012-10-03 12:06:08,407 [main] INFO  org.hibernate.impl.SessionFactoryObjectFactory - Not binding factory to JNDI, no JNDI name configured
2012-10-03 12:06:08,435 [main] INFO  org.springframework.context.support.GenericApplicationContext - Bean 'entityManagerFactory' of type [class org.springframework.orm.jpa.LocalContainerEntityManagerFactoryBean] is not eligible for getting processed by all BeanPostProcessors (for example: not eligible for auto-proxying)
2012-10-03 12:06:08,442 [main] INFO  org.springframework.beans.factory.support.DefaultListableBeanFactory - Pre-instantiating singletons in org.springframework.beans.factory.support.DefaultListableBeanFactory@2cd5276a: defining beans [org.springframework.beans.factory.config.PropertyPlaceholderConfigurer#0,jpaTweetRepository,jpaUserRepository,org.springframework.context.annotation.internalConfigurationAnnotationProcessor,org.springframework.context.annotation.internalAutowiredAnnotationProcessor,org.springframework.context.annotation.internalRequiredAnnotationProcessor,org.springframework.context.annotation.internalCommonAnnotationProcessor,org.springframework.context.annotation.internalPersistenceAnnotationProcessor,repositoryPoweredTweetService,repositoryPoweredUserService,dataSource,adapter,entityManagerFactory,org.springframework.aop.config.internalAutoProxyCreator,org.springframework.transaction.annotation.AnnotationTransactionAttributeSource#0,org.springframework.transaction.interceptor.TransactionInterceptor#0,org.springframework.transaction.config.internalTransactionAdvisor,transactionManager,org.springframework.dao.annotation.PersistenceExceptionTranslationPostProcessor#0,org.springframework.orm.jpa.support.PersistenceAnnotationBeanPostProcessor#0,liquibase,org.springframework.context.annotation.ConfigurationClassPostProcessor$ImportAwareBeanPostProcessor#0]; root of factory hierarchy
2012-10-03 12:06:08,910 [main] INFO  Liquibase - Successfully acquired change log lock
2012-10-03 12:06:08,992 [main] INFO  Liquibase - Creating database history table with name: DATABASECHANGELOG
2012-10-03 12:06:08,997 [main] INFO  Liquibase - Reading from DATABASECHANGELOG
2012-10-03 12:06:08,999 [main] INFO  Liquibase - Reading from DATABASECHANGELOG
2012-10-03 12:06:09,029 [main] INFO  Liquibase - ChangeSet classpath:db-changelog.xml::001-add-user-table::BradGavinPair ran successfully in 6ms
2012-10-03 12:06:09,049 [main] INFO  Liquibase - ChangeSet classpath:db-changelog.xml::002-add-tweet-table::Brad ran successfully in 10ms
2012-10-03 12:06:09,055 [main] INFO  Liquibase - ChangeSet classpath:db-changelog.xml::003-user-unique-by-email::Brad ran successfully in 2ms
2012-10-03 12:06:09,070 [main] INFO  Liquibase - ChangeSet classpath:db-changelog.xml::004-add-user-uuid-column::Brad ran successfully in 13ms
2012-10-03 12:06:09,074 [main] INFO  Liquibase - Successfully released change log lock
2012-10-03 12:06:09,148 [main] INFO  org.springframework.test.context.transaction.TransactionalTestExecutionListener - Began transaction (1): transaction manager [org.springframework.orm.jpa.JpaTransactionManager@64d90254]; rollback [true]
2012-10-03 12:06:09,277 [main] INFO  org.springframework.test.context.transaction.TransactionalTestExecutionListener - Rolled back transaction after test execution for test context [[TestContext@33d869b2 testClass = JpaUserRepositoryTest, testInstance = com.jglitter.persistence.repo.jpa.JpaUserRepositoryTest@27a897a9, testMethod = canDeleteUser@JpaUserRepositoryTest, testException = java.lang.NullPointerException, mergedContextConfiguration = [MergedContextConfiguration@45033fb5 testClass = JpaUserRepositoryTest, locations = '{classpath:application-config.xml}', classes = '{}', activeProfiles = '{}', contextLoader = 'org.springframework.test.context.support.DelegatingSmartContextLoader']]]
2012-10-03 12:06:09,281 [main] INFO  org.springframework.test.context.transaction.TransactionalTestExecutionListener - Began transaction (2): transaction manager [org.springframework.orm.jpa.JpaTransactionManager@64d90254]; rollback [true]
2012-10-03 12:06:09,303 [main] INFO  org.springframework.test.context.transaction.TransactionalTestExecutionListener - Rolled back transaction after test execution for test context [[TestContext@33d869b2 testClass = JpaUserRepositoryTest, testInstance = com.jglitter.persistence.repo.jpa.JpaUserRepositoryTest@27a897a9, testMethod = canFindAllUsers@JpaUserRepositoryTest, testException = [null], mergedContextConfiguration = [MergedContextConfiguration@45033fb5 testClass = JpaUserRepositoryTest, locations = '{classpath:application-config.xml}', classes = '{}', activeProfiles = '{}', contextLoader = 'org.springframework.test.context.support.DelegatingSmartContextLoader']]]
2012-10-03 12:06:09,307 [main] INFO  org.springframework.test.context.transaction.TransactionalTestExecutionListener - Began transaction (3): transaction manager [org.springframework.orm.jpa.JpaTransactionManager@64d90254]; rollback [true]
2012-10-03 12:06:09,318 [main] INFO  org.springframework.test.context.transaction.TransactionalTestExecutionListener - Rolled back transaction after test execution for test context [[TestContext@33d869b2 testClass = JpaUserRepositoryTest, testInstance = com.jglitter.persistence.repo.jpa.JpaUserRepositoryTest@27a897a9, testMethod = canFindUserByEmail@JpaUserRepositoryTest, testException = [null], mergedContextConfiguration = [MergedContextConfiguration@45033fb5 testClass = JpaUserRepositoryTest, locations = '{classpath:application-config.xml}', classes = '{}', activeProfiles = '{}', contextLoader = 'org.springframework.test.context.support.DelegatingSmartContextLoader']]]
2012-10-03 12:06:09,321 [main] INFO  org.springframework.test.context.transaction.TransactionalTestExecutionListener - Began transaction (4): transaction manager [org.springframework.orm.jpa.JpaTransactionManager@64d90254]; rollback [true]
2012-10-03 12:06:09,324 [main] INFO  org.springframework.test.context.transaction.TransactionalTestExecutionListener - Rolled back transaction after test execution for test context [[TestContext@33d869b2 testClass = JpaUserRepositoryTest, testInstance = com.jglitter.persistence.repo.jpa.JpaUserRepositoryTest@27a897a9, testMethod = canPersistAUser@JpaUserRepositoryTest, testException = [null], mergedContextConfiguration = [MergedContextConfiguration@45033fb5 testClass = JpaUserRepositoryTest, locations = '{classpath:application-config.xml}', classes = '{}', activeProfiles = '{}', contextLoader = 'org.springframework.test.context.support.DelegatingSmartContextLoader']]]
2012-10-03 12:06:09,327 [main] INFO  org.springframework.test.context.transaction.TransactionalTestExecutionListener - Began transaction (5): transaction manager [org.springframework.orm.jpa.JpaTransactionManager@64d90254]; rollback [true]
2012-10-03 12:06:09,333 [main] WARN  org.hibernate.util.JDBCExceptionReporter - SQL Error: 23505, SQLState: 23505
2012-10-03 12:06:09,333 [main] ERROR org.hibernate.util.JDBCExceptionReporter - Unique index or primary key violation: "CONSTRAINT_77_INDEX_4 ON PUBLIC.DBUSER(EMAIL)"; SQL statement:
insert into DbUser (id, email, name, uuid) values (null, ?, ?, ?) [23505-165]
2012-10-03 12:06:09,337 [main] INFO  org.springframework.test.context.transaction.TransactionalTestExecutionListener - Rolled back transaction after test execution for test context [[TestContext@33d869b2 testClass = JpaUserRepositoryTest, testInstance = com.jglitter.persistence.repo.jpa.JpaUserRepositoryTest@27a897a9, testMethod = cannotPersistMoreThanOneUserWithSameEmailAddress@JpaUserRepositoryTest, testException = [null], mergedContextConfiguration = [MergedContextConfiguration@45033fb5 testClass = JpaUserRepositoryTest, locations = '{classpath:application-config.xml}', classes = '{}', activeProfiles = '{}', contextLoader = 'org.springframework.test.context.support.DelegatingSmartContextLoader']]]
2012-10-03 12:06:09,342 [Thread-3] INFO  org.springframework.context.support.GenericApplicationContext - Closing org.springframework.context.support.GenericApplicationContext@5b7b0998: startup date [Wed Oct 03 12:06:07 PDT 2012]; root of context hierarchy
2012-10-03 12:06:09,343 [Thread-3] INFO  org.springframework.beans.factory.support.DefaultListableBeanFactory - Destroying singletons in org.springframework.beans.factory.support.DefaultListableBeanFactory@2cd5276a: defining beans [org.springframework.beans.factory.config.PropertyPlaceholderConfigurer#0,jpaTweetRepository,jpaUserRepository,org.springframework.context.annotation.internalConfigurationAnnotationProcessor,org.springframework.context.annotation.internalAutowiredAnnotationProcessor,org.springframework.context.annotation.internalRequiredAnnotationProcessor,org.springframework.context.annotation.internalCommonAnnotationProcessor,org.springframework.context.annotation.internalPersistenceAnnotationProcessor,repositoryPoweredTweetService,repositoryPoweredUserService,dataSource,adapter,entityManagerFactory,org.springframework.aop.config.internalAutoProxyCreator,org.springframework.transaction.annotation.AnnotationTransactionAttributeSource#0,org.springframework.transaction.interceptor.TransactionInterceptor#0,org.springframework.transaction.config.internalTransactionAdvisor,transactionManager,org.springframework.dao.annotation.PersistenceExceptionTranslationPostProcessor#0,org.springframework.orm.jpa.support.PersistenceAnnotationBeanPostProcessor#0,liquibase,org.springframework.context.annotation.ConfigurationClassPostProcessor$ImportAwareBeanPostProcessor#0]; root of factory hierarchy
2012-10-03 12:06:09,343 [Thread-3] INFO  org.springframework.orm.jpa.LocalContainerEntityManagerFactoryBean - Closing JPA EntityManagerFactory for persistence unit 'jpa'
2012-10-03 12:06:09,344 [Thread-3] INFO  org.hibernate.impl.SessionFactoryImpl - closing
2012-10-03 12:09:11,853 [main] INFO  org.springframework.beans.factory.xml.XmlBeanDefinitionReader - Loading XML bean definitions from class path resource [application-config.xml]
2012-10-03 12:09:12,210 [main] INFO  org.springframework.context.support.GenericApplicationContext - Refreshing org.springframework.context.support.GenericApplicationContext@132789d2: startup date [Wed Oct 03 12:09:12 PDT 2012]; root of context hierarchy
2012-10-03 12:09:12,308 [main] INFO  org.springframework.beans.factory.config.PropertyPlaceholderConfigurer - Loading properties file from class path resource [application.properties]
2012-10-03 12:09:12,310 [main] INFO  org.springframework.beans.factory.config.PropertyPlaceholderConfigurer - Loading properties file from URL [file:/tmp/local.properties]
2012-10-03 12:09:12,310 [main] WARN  org.springframework.beans.factory.config.PropertyPlaceholderConfigurer - Could not load properties from URL [file:/tmp/local.properties]: /tmp/local.properties (No such file or directory)
2012-10-03 12:09:12,393 [main] INFO  org.springframework.jdbc.datasource.DriverManagerDataSource - Loaded JDBC driver: org.h2.Driver
2012-10-03 12:09:12,393 [main] INFO  org.springframework.context.support.GenericApplicationContext - Bean 'dataSource' of type [class org.springframework.jdbc.datasource.DriverManagerDataSource] is not eligible for getting processed by all BeanPostProcessors (for example: not eligible for auto-proxying)
2012-10-03 12:09:12,412 [main] INFO  org.springframework.context.support.GenericApplicationContext - Bean 'adapter' of type [class org.springframework.orm.jpa.vendor.HibernateJpaVendorAdapter] is not eligible for getting processed by all BeanPostProcessors (for example: not eligible for auto-proxying)
2012-10-03 12:09:12,425 [main] INFO  org.springframework.orm.jpa.LocalContainerEntityManagerFactoryBean - Building JPA container EntityManagerFactory for persistence unit 'jpa'
2012-10-03 12:09:12,452 [main] INFO  org.hibernate.cfg.annotations.Version - Hibernate Annotations 3.5.6-Final
2012-10-03 12:09:12,461 [main] INFO  org.hibernate.cfg.Environment - Hibernate 3.5.6-Final
2012-10-03 12:09:12,462 [main] INFO  org.hibernate.cfg.Environment - hibernate.properties not found
2012-10-03 12:09:12,464 [main] INFO  org.hibernate.cfg.Environment - Bytecode provider name : javassist
2012-10-03 12:09:12,467 [main] INFO  org.hibernate.cfg.Environment - using JDK 1.4 java.sql.Timestamp handling
2012-10-03 12:09:12,528 [main] INFO  org.hibernate.annotations.common.Version - Hibernate Commons Annotations 3.2.0.Final
2012-10-03 12:09:12,532 [main] INFO  org.hibernate.ejb.Version - Hibernate EntityManager 3.5.6-Final
2012-10-03 12:09:12,544 [main] INFO  org.hibernate.ejb.Ejb3Configuration - Processing PersistenceUnitInfo [
	name: jpa
	...]
2012-10-03 12:09:12,642 [main] INFO  org.hibernate.cfg.AnnotationBinder - Binding entity from annotated class: com.jglitter.persistence.domain.DbTweet
2012-10-03 12:09:12,663 [main] INFO  org.hibernate.cfg.annotations.EntityBinder - Bind entity com.jglitter.persistence.domain.DbTweet on table DbTweet
2012-10-03 12:09:12,700 [main] INFO  org.hibernate.cfg.AnnotationBinder - Binding entity from annotated class: com.jglitter.persistence.domain.DbUser
2012-10-03 12:09:12,700 [main] INFO  org.hibernate.cfg.annotations.EntityBinder - Bind entity com.jglitter.persistence.domain.DbUser on table DbUser
2012-10-03 12:09:12,736 [main] INFO  org.hibernate.cfg.AnnotationConfiguration - Hibernate Validator not found: ignoring
2012-10-03 12:09:12,750 [main] INFO  org.hibernate.cfg.search.HibernateSearchEventListenerRegister - Unable to find org.hibernate.search.event.FullTextIndexEventListener on the classpath. Hibernate Search is not enabled.
2012-10-03 12:09:12,755 [main] INFO  org.hibernate.connection.ConnectionProviderFactory - Initializing connection provider: org.hibernate.ejb.connection.InjectedDataSourceConnectionProvider
2012-10-03 12:09:12,757 [main] INFO  org.hibernate.ejb.connection.InjectedDataSourceConnectionProvider - Using provided datasource
2012-10-03 12:09:12,912 [main] INFO  org.hibernate.cfg.SettingsFactory - RDBMS: H2, version: 1.3.165 (2012-03-18)
2012-10-03 12:09:12,912 [main] INFO  org.hibernate.cfg.SettingsFactory - JDBC driver: H2 JDBC Driver, version: 1.3.165 (2012-03-18)
2012-10-03 12:09:12,928 [main] INFO  org.hibernate.dialect.Dialect - Using dialect: org.hibernate.dialect.H2Dialect
2012-10-03 12:09:12,932 [main] INFO  org.hibernate.engine.jdbc.JdbcSupportLoader - Disabling contextual LOB creation as JDBC driver reported JDBC version [3] less than 4
2012-10-03 12:09:12,932 [main] INFO  org.hibernate.transaction.TransactionFactoryFactory - Transaction strategy: org.hibernate.transaction.JDBCTransactionFactory
2012-10-03 12:09:12,933 [main] INFO  org.hibernate.transaction.TransactionManagerLookupFactory - No TransactionManagerLookup configured (in JTA environment, use of read-write or transactional second-level cache is not recommended)
2012-10-03 12:09:12,933 [main] INFO  org.hibernate.cfg.SettingsFactory - Automatic flush during beforeCompletion(): disabled
2012-10-03 12:09:12,933 [main] INFO  org.hibernate.cfg.SettingsFactory - Automatic session close at end of transaction: disabled
2012-10-03 12:09:12,933 [main] INFO  org.hibernate.cfg.SettingsFactory - JDBC batch size: 15
2012-10-03 12:09:12,933 [main] INFO  org.hibernate.cfg.SettingsFactory - JDBC batch updates for versioned data: disabled
2012-10-03 12:09:12,934 [main] INFO  org.hibernate.cfg.SettingsFactory - Scrollable result sets: enabled
2012-10-03 12:09:12,934 [main] INFO  org.hibernate.cfg.SettingsFactory - JDBC3 getGeneratedKeys(): enabled
2012-10-03 12:09:12,934 [main] INFO  org.hibernate.cfg.SettingsFactory - Connection release mode: auto
2012-10-03 12:09:12,934 [main] INFO  org.hibernate.cfg.SettingsFactory - Default batch fetch size: 1
2012-10-03 12:09:12,934 [main] INFO  org.hibernate.cfg.SettingsFactory - Generate SQL with comments: disabled
2012-10-03 12:09:12,934 [main] INFO  org.hibernate.cfg.SettingsFactory - Order SQL updates by primary key: disabled
2012-10-03 12:09:12,934 [main] INFO  org.hibernate.cfg.SettingsFactory - Order SQL inserts for batching: disabled
2012-10-03 12:09:12,934 [main] INFO  org.hibernate.cfg.SettingsFactory - Query translator: org.hibernate.hql.ast.ASTQueryTranslatorFactory
2012-10-03 12:09:12,936 [main] INFO  org.hibernate.hql.ast.ASTQueryTranslatorFactory - Using ASTQueryTranslatorFactory
2012-10-03 12:09:12,936 [main] INFO  org.hibernate.cfg.SettingsFactory - Query language substitutions: {}
2012-10-03 12:09:12,936 [main] INFO  org.hibernate.cfg.SettingsFactory - JPA-QL strict compliance: enabled
2012-10-03 12:09:12,936 [main] INFO  org.hibernate.cfg.SettingsFactory - Second-level cache: enabled
2012-10-03 12:09:12,936 [main] INFO  org.hibernate.cfg.SettingsFactory - Query cache: disabled
2012-10-03 12:09:12,936 [main] INFO  org.hibernate.cfg.SettingsFactory - Cache region factory : org.hibernate.cache.impl.NoCachingRegionFactory
2012-10-03 12:09:12,936 [main] INFO  org.hibernate.cfg.SettingsFactory - Optimize cache for minimal puts: disabled
2012-10-03 12:09:12,936 [main] INFO  org.hibernate.cfg.SettingsFactory - Structured second-level cache entries: disabled
2012-10-03 12:09:12,939 [main] INFO  org.hibernate.cfg.SettingsFactory - Echoing all SQL to stdout
2012-10-03 12:09:12,939 [main] INFO  org.hibernate.cfg.SettingsFactory - Statistics: disabled
2012-10-03 12:09:12,939 [main] INFO  org.hibernate.cfg.SettingsFactory - Deleted entity synthetic identifier rollback: disabled
2012-10-03 12:09:12,939 [main] INFO  org.hibernate.cfg.SettingsFactory - Default entity-mode: pojo
2012-10-03 12:09:12,939 [main] INFO  org.hibernate.cfg.SettingsFactory - Named query checking : enabled
2012-10-03 12:09:12,939 [main] INFO  org.hibernate.cfg.SettingsFactory - Check Nullability in Core (should be disabled when Bean Validation is on): enabled
2012-10-03 12:09:12,959 [main] INFO  org.hibernate.impl.SessionFactoryImpl - building session factory
2012-10-03 12:09:13,055 [main] INFO  org.hibernate.impl.SessionFactoryObjectFactory - Not binding factory to JNDI, no JNDI name configured
2012-10-03 12:09:13,084 [main] INFO  org.springframework.context.support.GenericApplicationContext - Bean 'entityManagerFactory' of type [class org.springframework.orm.jpa.LocalContainerEntityManagerFactoryBean] is not eligible for getting processed by all BeanPostProcessors (for example: not eligible for auto-proxying)
2012-10-03 12:09:13,090 [main] INFO  org.springframework.beans.factory.support.DefaultListableBeanFactory - Pre-instantiating singletons in org.springframework.beans.factory.support.DefaultListableBeanFactory@78c08593: defining beans [org.springframework.beans.factory.config.PropertyPlaceholderConfigurer#0,jpaTweetRepository,jpaUserRepository,org.springframework.context.annotation.internalConfigurationAnnotationProcessor,org.springframework.context.annotation.internalAutowiredAnnotationProcessor,org.springframework.context.annotation.internalRequiredAnnotationProcessor,org.springframework.context.annotation.internalCommonAnnotationProcessor,org.springframework.context.annotation.internalPersistenceAnnotationProcessor,repositoryPoweredTweetService,repositoryPoweredUserService,dataSource,adapter,entityManagerFactory,org.springframework.aop.config.internalAutoProxyCreator,org.springframework.transaction.annotation.AnnotationTransactionAttributeSource#0,org.springframework.transaction.interceptor.TransactionInterceptor#0,org.springframework.transaction.config.internalTransactionAdvisor,transactionManager,org.springframework.dao.annotation.PersistenceExceptionTranslationPostProcessor#0,org.springframework.orm.jpa.support.PersistenceAnnotationBeanPostProcessor#0,liquibase,org.springframework.context.annotation.ConfigurationClassPostProcessor$ImportAwareBeanPostProcessor#0]; root of factory hierarchy
2012-10-03 12:09:13,540 [main] INFO  Liquibase - Successfully acquired change log lock
2012-10-03 12:09:13,625 [main] INFO  Liquibase - Creating database history table with name: DATABASECHANGELOG
2012-10-03 12:09:13,630 [main] INFO  Liquibase - Reading from DATABASECHANGELOG
2012-10-03 12:09:13,633 [main] INFO  Liquibase - Reading from DATABASECHANGELOG
2012-10-03 12:09:13,663 [main] INFO  Liquibase - ChangeSet classpath:db-changelog.xml::001-add-user-table::BradGavinPair ran successfully in 7ms
2012-10-03 12:09:13,684 [main] INFO  Liquibase - ChangeSet classpath:db-changelog.xml::002-add-tweet-table::Brad ran successfully in 11ms
2012-10-03 12:09:13,689 [main] INFO  Liquibase - ChangeSet classpath:db-changelog.xml::003-user-unique-by-email::Brad ran successfully in 1ms
2012-10-03 12:09:13,704 [main] INFO  Liquibase - ChangeSet classpath:db-changelog.xml::004-add-user-uuid-column::Brad ran successfully in 13ms
2012-10-03 12:09:13,708 [main] INFO  Liquibase - Successfully released change log lock
2012-10-03 12:09:13,801 [main] INFO  org.springframework.test.context.transaction.TransactionalTestExecutionListener - Began transaction (1): transaction manager [org.springframework.orm.jpa.JpaTransactionManager@4bd1695e]; rollback [true]
2012-10-03 12:09:13,949 [main] INFO  org.springframework.test.context.transaction.TransactionalTestExecutionListener - Rolled back transaction after test execution for test context [[TestContext@745a936b testClass = JpaUserRepositoryTest, testInstance = com.jglitter.persistence.repo.jpa.JpaUserRepositoryTest@635aed57, testMethod = canDeleteUser@JpaUserRepositoryTest, testException = [null], mergedContextConfiguration = [MergedContextConfiguration@6684917a testClass = JpaUserRepositoryTest, locations = '{classpath:application-config.xml}', classes = '{}', activeProfiles = '{}', contextLoader = 'org.springframework.test.context.support.DelegatingSmartContextLoader']]]
2012-10-03 12:09:13,953 [main] INFO  org.springframework.test.context.transaction.TransactionalTestExecutionListener - Began transaction (2): transaction manager [org.springframework.orm.jpa.JpaTransactionManager@4bd1695e]; rollback [true]
2012-10-03 12:09:13,960 [main] INFO  org.springframework.test.context.transaction.TransactionalTestExecutionListener - Rolled back transaction after test execution for test context [[TestContext@745a936b testClass = JpaUserRepositoryTest, testInstance = com.jglitter.persistence.repo.jpa.JpaUserRepositoryTest@635aed57, testMethod = canFindAllUsers@JpaUserRepositoryTest, testException = [null], mergedContextConfiguration = [MergedContextConfiguration@6684917a testClass = JpaUserRepositoryTest, locations = '{classpath:application-config.xml}', classes = '{}', activeProfiles = '{}', contextLoader = 'org.springframework.test.context.support.DelegatingSmartContextLoader']]]
2012-10-03 12:09:13,963 [main] INFO  org.springframework.test.context.transaction.TransactionalTestExecutionListener - Began transaction (3): transaction manager [org.springframework.orm.jpa.JpaTransactionManager@4bd1695e]; rollback [true]
2012-10-03 12:09:13,971 [main] INFO  org.springframework.test.context.transaction.TransactionalTestExecutionListener - Rolled back transaction after test execution for test context [[TestContext@745a936b testClass = JpaUserRepositoryTest, testInstance = com.jglitter.persistence.repo.jpa.JpaUserRepositoryTest@635aed57, testMethod = canFindUserByEmail@JpaUserRepositoryTest, testException = [null], mergedContextConfiguration = [MergedContextConfiguration@6684917a testClass = JpaUserRepositoryTest, locations = '{classpath:application-config.xml}', classes = '{}', activeProfiles = '{}', contextLoader = 'org.springframework.test.context.support.DelegatingSmartContextLoader']]]
2012-10-03 12:09:13,974 [main] INFO  org.springframework.test.context.transaction.TransactionalTestExecutionListener - Began transaction (4): transaction manager [org.springframework.orm.jpa.JpaTransactionManager@4bd1695e]; rollback [true]
2012-10-03 12:09:13,977 [main] INFO  org.springframework.test.context.transaction.TransactionalTestExecutionListener - Rolled back transaction after test execution for test context [[TestContext@745a936b testClass = JpaUserRepositoryTest, testInstance = com.jglitter.persistence.repo.jpa.JpaUserRepositoryTest@635aed57, testMethod = canPersistAUser@JpaUserRepositoryTest, testException = [null], mergedContextConfiguration = [MergedContextConfiguration@6684917a testClass = JpaUserRepositoryTest, locations = '{classpath:application-config.xml}', classes = '{}', activeProfiles = '{}', contextLoader = 'org.springframework.test.context.support.DelegatingSmartContextLoader']]]
2012-10-03 12:09:13,980 [main] INFO  org.springframework.test.context.transaction.TransactionalTestExecutionListener - Began transaction (5): transaction manager [org.springframework.orm.jpa.JpaTransactionManager@4bd1695e]; rollback [true]
2012-10-03 12:09:13,986 [main] WARN  org.hibernate.util.JDBCExceptionReporter - SQL Error: 23505, SQLState: 23505
2012-10-03 12:09:13,986 [main] ERROR org.hibernate.util.JDBCExceptionReporter - Unique index or primary key violation: "CONSTRAINT_77_INDEX_4 ON PUBLIC.DBUSER(EMAIL)"; SQL statement:
insert into DbUser (id, email, name, uuid) values (null, ?, ?, ?) [23505-165]
2012-10-03 12:09:13,992 [main] INFO  org.springframework.test.context.transaction.TransactionalTestExecutionListener - Rolled back transaction after test execution for test context [[TestContext@745a936b testClass = JpaUserRepositoryTest, testInstance = com.jglitter.persistence.repo.jpa.JpaUserRepositoryTest@635aed57, testMethod = cannotPersistMoreThanOneUserWithSameEmailAddress@JpaUserRepositoryTest, testException = [null], mergedContextConfiguration = [MergedContextConfiguration@6684917a testClass = JpaUserRepositoryTest, locations = '{classpath:application-config.xml}', classes = '{}', activeProfiles = '{}', contextLoader = 'org.springframework.test.context.support.DelegatingSmartContextLoader']]]
2012-10-03 12:09:13,996 [Thread-3] INFO  org.springframework.context.support.GenericApplicationContext - Closing org.springframework.context.support.GenericApplicationContext@132789d2: startup date [Wed Oct 03 12:09:12 PDT 2012]; root of context hierarchy
2012-10-03 12:09:13,997 [Thread-3] INFO  org.springframework.beans.factory.support.DefaultListableBeanFactory - Destroying singletons in org.springframework.beans.factory.support.DefaultListableBeanFactory@78c08593: defining beans [org.springframework.beans.factory.config.PropertyPlaceholderConfigurer#0,jpaTweetRepository,jpaUserRepository,org.springframework.context.annotation.internalConfigurationAnnotationProcessor,org.springframework.context.annotation.internalAutowiredAnnotationProcessor,org.springframework.context.annotation.internalRequiredAnnotationProcessor,org.springframework.context.annotation.internalCommonAnnotationProcessor,org.springframework.context.annotation.internalPersistenceAnnotationProcessor,repositoryPoweredTweetService,repositoryPoweredUserService,dataSource,adapter,entityManagerFactory,org.springframework.aop.config.internalAutoProxyCreator,org.springframework.transaction.annotation.AnnotationTransactionAttributeSource#0,org.springframework.transaction.interceptor.TransactionInterceptor#0,org.springframework.transaction.config.internalTransactionAdvisor,transactionManager,org.springframework.dao.annotation.PersistenceExceptionTranslationPostProcessor#0,org.springframework.orm.jpa.support.PersistenceAnnotationBeanPostProcessor#0,liquibase,org.springframework.context.annotation.ConfigurationClassPostProcessor$ImportAwareBeanPostProcessor#0]; root of factory hierarchy
2012-10-03 12:09:13,997 [Thread-3] INFO  org.springframework.orm.jpa.LocalContainerEntityManagerFactoryBean - Closing JPA EntityManagerFactory for persistence unit 'jpa'
2012-10-03 12:09:13,998 [Thread-3] INFO  org.hibernate.impl.SessionFactoryImpl - closing
2012-10-03 12:09:21,692 [main] INFO  org.springframework.beans.factory.xml.XmlBeanDefinitionReader - Loading XML bean definitions from class path resource [test-context.xml]
2012-10-03 12:09:21,922 [main] INFO  org.springframework.beans.factory.xml.XmlBeanDefinitionReader - Loading XML bean definitions from class path resource [jaxb-config.xml]
2012-10-03 12:09:21,971 [main] INFO  org.springframework.context.support.GenericApplicationContext - Refreshing org.springframework.context.support.GenericApplicationContext@3749eb9f: startup date [Wed Oct 03 12:09:21 PDT 2012]; root of context hierarchy
2012-10-03 12:09:22,035 [main] INFO  org.springframework.beans.factory.support.DefaultListableBeanFactory - Pre-instantiating singletons in org.springframework.beans.factory.support.DefaultListableBeanFactory@c292cb2: defining beans [jaxbMarshaller,httpClientFactory,restTemplate,org.springframework.context.annotation.internalConfigurationAnnotationProcessor,org.springframework.context.annotation.internalAutowiredAnnotationProcessor,org.springframework.context.annotation.internalRequiredAnnotationProcessor,org.springframework.context.annotation.internalCommonAnnotationProcessor,org.springframework.context.annotation.internalPersistenceAnnotationProcessor,org.springframework.context.annotation.ConfigurationClassPostProcessor$ImportAwareBeanPostProcessor#0]; root of factory hierarchy
2012-10-03 12:09:22,095 [main] INFO  com.dharrigan.AnnotationJaxb2Marshaller - Creating JAXBContext with classes to be bound [class com.jglitter.domain.Tweet,class com.jglitter.domain.Tweets,class com.jglitter.domain.User,class com.jglitter.domain.Users]
2012-10-03 12:09:22,433 [main] WARN  org.springframework.web.client.RestTemplate - POST request for "http://localhost:8080/jglitter/ws/user" resulted in 500 (Internal Server Error); invoking error handler
2012-10-03 12:09:22,468 [main] WARN  org.springframework.web.client.RestTemplate - POST request for "http://localhost:8080/jglitter/ws/user" resulted in 500 (Internal Server Error); invoking error handler
2012-10-03 12:09:22,486 [main] WARN  org.springframework.web.client.RestTemplate - POST request for "http://localhost:8080/jglitter/ws/tweet" resulted in 404 (Not Found); invoking error handler
2012-10-03 12:09:22,507 [main] WARN  org.springframework.web.client.RestTemplate - POST request for "http://localhost:8080/jglitter/ws/user" resulted in 500 (Internal Server Error); invoking error handler
2012-10-03 12:09:22,514 [Thread-3] INFO  org.springframework.context.support.GenericApplicationContext - Closing org.springframework.context.support.GenericApplicationContext@3749eb9f: startup date [Wed Oct 03 12:09:21 PDT 2012]; root of context hierarchy
2012-10-03 12:09:22,515 [Thread-3] INFO  org.springframework.beans.factory.support.DefaultListableBeanFactory - Destroying singletons in org.springframework.beans.factory.support.DefaultListableBeanFactory@c292cb2: defining beans [jaxbMarshaller,httpClientFactory,restTemplate,org.springframework.context.annotation.internalConfigurationAnnotationProcessor,org.springframework.context.annotation.internalAutowiredAnnotationProcessor,org.springframework.context.annotation.internalRequiredAnnotationProcessor,org.springframework.context.annotation.internalCommonAnnotationProcessor,org.springframework.context.annotation.internalPersistenceAnnotationProcessor,org.springframework.context.annotation.ConfigurationClassPostProcessor$ImportAwareBeanPostProcessor#0]; root of factory hierarchy
2012-10-03 12:09:52,329 [main] INFO  org.springframework.beans.factory.xml.XmlBeanDefinitionReader - Loading XML bean definitions from class path resource [test-context.xml]
2012-10-03 12:09:52,558 [main] INFO  org.springframework.beans.factory.xml.XmlBeanDefinitionReader - Loading XML bean definitions from class path resource [jaxb-config.xml]
2012-10-03 12:09:52,605 [main] INFO  org.springframework.context.support.GenericApplicationContext - Refreshing org.springframework.context.support.GenericApplicationContext@1a0fced4: startup date [Wed Oct 03 12:09:52 PDT 2012]; root of context hierarchy
2012-10-03 12:09:52,668 [main] INFO  org.springframework.beans.factory.support.DefaultListableBeanFactory - Pre-instantiating singletons in org.springframework.beans.factory.support.DefaultListableBeanFactory@25a41cc7: defining beans [jaxbMarshaller,httpClientFactory,restTemplate,org.springframework.context.annotation.internalConfigurationAnnotationProcessor,org.springframework.context.annotation.internalAutowiredAnnotationProcessor,org.springframework.context.annotation.internalRequiredAnnotationProcessor,org.springframework.context.annotation.internalCommonAnnotationProcessor,org.springframework.context.annotation.internalPersistenceAnnotationProcessor,org.springframework.context.annotation.ConfigurationClassPostProcessor$ImportAwareBeanPostProcessor#0]; root of factory hierarchy
2012-10-03 12:09:52,728 [main] INFO  com.dharrigan.AnnotationJaxb2Marshaller - Creating JAXBContext with classes to be bound [class com.jglitter.domain.Tweet,class com.jglitter.domain.Tweets,class com.jglitter.domain.User,class com.jglitter.domain.Users]
2012-10-03 12:09:53,337 [main] WARN  org.springframework.web.client.RestTemplate - DELETE request for "http://localhost:8080/jglitter/ws/user/1d35458f-978d-4a9b-be18-f457f8306ea4" resulted in 500 (Internal Server Error); invoking error handler
2012-10-03 12:09:53,455 [main] WARN  org.springframework.web.client.RestTemplate - POST request for "http://localhost:8080/jglitter/ws/tweet" resulted in 404 (Not Found); invoking error handler
2012-10-03 12:09:53,541 [Thread-3] INFO  org.springframework.context.support.GenericApplicationContext - Closing org.springframework.context.support.GenericApplicationContext@1a0fced4: startup date [Wed Oct 03 12:09:52 PDT 2012]; root of context hierarchy
2012-10-03 12:09:53,542 [Thread-3] INFO  org.springframework.beans.factory.support.DefaultListableBeanFactory - Destroying singletons in org.springframework.beans.factory.support.DefaultListableBeanFactory@25a41cc7: defining beans [jaxbMarshaller,httpClientFactory,restTemplate,org.springframework.context.annotation.internalConfigurationAnnotationProcessor,org.springframework.context.annotation.internalAutowiredAnnotationProcessor,org.springframework.context.annotation.internalRequiredAnnotationProcessor,org.springframework.context.annotation.internalCommonAnnotationProcessor,org.springframework.context.annotation.internalPersistenceAnnotationProcessor,org.springframework.context.annotation.ConfigurationClassPostProcessor$ImportAwareBeanPostProcessor#0]; root of factory hierarchy
2012-10-03 12:11:59,881 [main] INFO  org.springframework.beans.factory.xml.XmlBeanDefinitionReader - Loading XML bean definitions from class path resource [test-context.xml]
2012-10-03 12:12:00,154 [main] INFO  org.springframework.beans.factory.xml.XmlBeanDefinitionReader - Loading XML bean definitions from class path resource [jaxb-config.xml]
2012-10-03 12:12:00,214 [main] INFO  org.springframework.context.support.GenericApplicationContext - Refreshing org.springframework.context.support.GenericApplicationContext@3d5b89c: startup date [Wed Oct 03 12:12:00 PDT 2012]; root of context hierarchy
2012-10-03 12:12:00,313 [main] INFO  org.springframework.beans.factory.support.DefaultListableBeanFactory - Pre-instantiating singletons in org.springframework.beans.factory.support.DefaultListableBeanFactory@66f4652: defining beans [jaxbMarshaller,httpClientFactory,restTemplate,org.springframework.context.annotation.internalConfigurationAnnotationProcessor,org.springframework.context.annotation.internalAutowiredAnnotationProcessor,org.springframework.context.annotation.internalRequiredAnnotationProcessor,org.springframework.context.annotation.internalCommonAnnotationProcessor,org.springframework.context.annotation.internalPersistenceAnnotationProcessor,org.springframework.context.annotation.ConfigurationClassPostProcessor$ImportAwareBeanPostProcessor#0]; root of factory hierarchy
2012-10-03 12:12:00,391 [main] INFO  com.dharrigan.AnnotationJaxb2Marshaller - Creating JAXBContext with classes to be bound [class com.jglitter.domain.Tweet,class com.jglitter.domain.Tweets,class com.jglitter.domain.User,class com.jglitter.domain.Users]
2012-10-03 12:15:23,661 [main] WARN  org.springframework.web.client.RestTemplate - DELETE request for "http://localhost:8080/jglitter/ws/user/f875a081-f277-419a-a7e4-1833fc19fb51" resulted in 500 (Internal Server Error); invoking error handler
2012-10-03 12:15:23,834 [main] WARN  org.springframework.web.client.RestTemplate - POST request for "http://localhost:8080/jglitter/ws/tweet" resulted in 404 (Not Found); invoking error handler
2012-10-03 12:15:23,937 [Thread-3] INFO  org.springframework.context.support.GenericApplicationContext - Closing org.springframework.context.support.GenericApplicationContext@3d5b89c: startup date [Wed Oct 03 12:12:00 PDT 2012]; root of context hierarchy
2012-10-03 12:15:23,939 [Thread-3] INFO  org.springframework.beans.factory.support.DefaultListableBeanFactory - Destroying singletons in org.springframework.beans.factory.support.DefaultListableBeanFactory@66f4652: defining beans [jaxbMarshaller,httpClientFactory,restTemplate,org.springframework.context.annotation.internalConfigurationAnnotationProcessor,org.springframework.context.annotation.internalAutowiredAnnotationProcessor,org.springframework.context.annotation.internalRequiredAnnotationProcessor,org.springframework.context.annotation.internalCommonAnnotationProcessor,org.springframework.context.annotation.internalPersistenceAnnotationProcessor,org.springframework.context.annotation.ConfigurationClassPostProcessor$ImportAwareBeanPostProcessor#0]; root of factory hierarchy
2012-10-03 12:15:48,031 [main] INFO  org.springframework.beans.factory.xml.XmlBeanDefinitionReader - Loading XML bean definitions from class path resource [test-context.xml]
2012-10-03 12:15:48,260 [main] INFO  org.springframework.beans.factory.xml.XmlBeanDefinitionReader - Loading XML bean definitions from class path resource [jaxb-config.xml]
2012-10-03 12:15:48,308 [main] INFO  org.springframework.context.support.GenericApplicationContext - Refreshing org.springframework.context.support.GenericApplicationContext@6126f827: startup date [Wed Oct 03 12:15:48 PDT 2012]; root of context hierarchy
2012-10-03 12:15:48,372 [main] INFO  org.springframework.beans.factory.support.DefaultListableBeanFactory - Pre-instantiating singletons in org.springframework.beans.factory.support.DefaultListableBeanFactory@1ebafdff: defining beans [jaxbMarshaller,httpClientFactory,restTemplate,org.springframework.context.annotation.internalConfigurationAnnotationProcessor,org.springframework.context.annotation.internalAutowiredAnnotationProcessor,org.springframework.context.annotation.internalRequiredAnnotationProcessor,org.springframework.context.annotation.internalCommonAnnotationProcessor,org.springframework.context.annotation.internalPersistenceAnnotationProcessor,org.springframework.context.annotation.ConfigurationClassPostProcessor$ImportAwareBeanPostProcessor#0]; root of factory hierarchy
2012-10-03 12:15:48,432 [main] INFO  com.dharrigan.AnnotationJaxb2Marshaller - Creating JAXBContext with classes to be bound [class com.jglitter.domain.Tweet,class com.jglitter.domain.Tweets,class com.jglitter.domain.User,class com.jglitter.domain.Users]
2012-10-03 12:15:48,966 [main] WARN  org.springframework.web.client.RestTemplate - DELETE request for "http://localhost:8080/jglitter/ws/user/3c773a92-9662-4b5b-973c-949e74c82cab" resulted in 500 (Internal Server Error); invoking error handler
2012-10-03 12:15:49,085 [main] WARN  org.springframework.web.client.RestTemplate - POST request for "http://localhost:8080/jglitter/ws/tweet" resulted in 404 (Not Found); invoking error handler
2012-10-03 12:15:49,166 [Thread-3] INFO  org.springframework.context.support.GenericApplicationContext - Closing org.springframework.context.support.GenericApplicationContext@6126f827: startup date [Wed Oct 03 12:15:48 PDT 2012]; root of context hierarchy
2012-10-03 12:15:49,166 [Thread-3] INFO  org.springframework.beans.factory.support.DefaultListableBeanFactory - Destroying singletons in org.springframework.beans.factory.support.DefaultListableBeanFactory@1ebafdff: defining beans [jaxbMarshaller,httpClientFactory,restTemplate,org.springframework.context.annotation.internalConfigurationAnnotationProcessor,org.springframework.context.annotation.internalAutowiredAnnotationProcessor,org.springframework.context.annotation.internalRequiredAnnotationProcessor,org.springframework.context.annotation.internalCommonAnnotationProcessor,org.springframework.context.annotation.internalPersistenceAnnotationProcessor,org.springframework.context.annotation.ConfigurationClassPostProcessor$ImportAwareBeanPostProcessor#0]; root of factory hierarchy
